<?xml version="1.0" encoding="UTF-8"?>
<!-- Generated by org.testng.reporters.JUnitReportReporter -->
<testsuite hostname="ARPGL002607" failures="0" tests="2" name="vaibhu.vaibhu.fruits" time="7.810" errors="0" timestamp="2022-03-24T14:42:18 IST" skipped="0">
  <testcase classname="vaibhu.vaibhu.fruits" name="setup" time="6.329"/>
  <system-out/>
  <testcase classname="vaibhu.vaibhu.fruits" name="food" time="1.481"/>
  <system-out/>
</testsuite> <!-- vaibhu.vaibhu.fruits -->
