<?xml version="1.0" encoding="UTF-8"?>
<!-- Generated by org.testng.reporters.JUnitReportReporter -->
<testsuite hostname="ARPGL002607" failures="0" tests="1" name="vaibhu.vaibhu.Autocomplete" time="9.433" errors="0" timestamp="2023-03-12T15:41:29 IST" skipped="0">
  <testcase classname="vaibhu.vaibhu.Autocomplete" name="setup" time="9.433"/>
  <system-out/>
</testsuite> <!-- vaibhu.vaibhu.Autocomplete -->
