<?xml version="1.0" encoding="UTF-8"?>
<!-- Generated by org.testng.reporters.JUnitReportReporter -->
<testsuite hostname="ARPGL002607" failures="0" tests="1" name="vaibhu.vaibhu.Angularproco" time="8.567" errors="0" timestamp="2023-03-12T15:33:52 IST" skipped="0">
  <testcase classname="vaibhu.vaibhu.Angularproco" name="setup1" time="8.567"/>
  <system-out/>
</testsuite> <!-- vaibhu.vaibhu.Angularproco -->
