<?xml version="1.0" encoding="UTF-8"?>
<!-- Generated by org.testng.reporters.JUnitReportReporter -->
<testsuite hostname="ARPGL002607" failures="0" tests="1" name="vaibhu.vaibhu.Alert" time="9.289" errors="0" timestamp="2023-02-16T18:20:07 IST" skipped="0">
  <testcase classname="vaibhu.vaibhu.Alert" name="setup1" time="9.289"/>
  <system-out/>
</testsuite> <!-- vaibhu.vaibhu.Alert -->
