<?xml version="1.0" encoding="UTF-8"?>
<!-- Generated by org.testng.reporters.JUnitReportReporter -->
<testsuite hostname="ARPGL002607" failures="0" tests="1" name="vaibhu.vaibhu.greenwegi" time="14.528" errors="0" timestamp="2023-02-17T14:30:02 IST" skipped="0">
  <testcase classname="vaibhu.vaibhu.greenwegi" name="setup" time="14.528"/>
  <system-out/>
</testsuite> <!-- vaibhu.vaibhu.greenwegi -->
