<?xml version="1.0" encoding="UTF-8"?>
<!-- Generated by org.testng.reporters.JUnitReportReporter -->
<testsuite hostname="ARPGL002607" failures="0" tests="1" name="vaibhu.vaibhu.pathtoamerica" time="5.794" errors="0" timestamp="2022-12-11T11:37:18 IST" skipped="0">
  <testcase classname="vaibhu.vaibhu.pathtoamerica" name="setup" time="5.794"/>
  <system-out/>
</testsuite> <!-- vaibhu.vaibhu.pathtoamerica -->
