<?xml version="1.0" encoding="UTF-8"?>
<!-- Generated by org.testng.reporters.JUnitReportReporter -->
<testsuite hostname="ARPGL002607" failures="0" tests="1" name="vaibhu.vaibhu.standal" time="20.975" errors="0" timestamp="2023-01-14T15:23:40 IST" skipped="0">
  <testcase classname="vaibhu.vaibhu.standal" name="setup" time="20.975"/>
  <system-out/>
</testsuite> <!-- vaibhu.vaibhu.standal -->
