<?xml version="1.0" encoding="UTF-8"?>
<!-- Generated by org.testng.reporters.JUnitReportReporter -->
<testsuite hostname="ARPGL002607" failures="0" tests="1" name="vaibhu.vaibhu.links1" time="21.696" errors="0" timestamp="2023-02-18T15:29:47 IST" skipped="0">
  <testcase classname="vaibhu.vaibhu.links1" name="setup" time="21.696"/>
  <system-out/>
</testsuite> <!-- vaibhu.vaibhu.links1 -->
