<?xml version="1.0" encoding="UTF-8"?>
<!-- Generated by org.testng.reporters.JUnitReportReporter -->
<testsuite hostname="ARPGL002607" failures="0" tests="1" name="vaibhu.vaibhu.challange4" time="9.993" errors="0" timestamp="2023-02-19T10:22:47 IST" skipped="0">
  <testcase classname="vaibhu.vaibhu.challange4" name="setup" time="9.993"/>
  <system-out/>
</testsuite> <!-- vaibhu.vaibhu.challange4 -->
