<?xml version="1.0" encoding="UTF-8"?>
<!-- Generated by org.testng.reporters.JUnitReportReporter -->
<testsuite hostname="ARPGL002607" failures="0" tests="1" name="vaibhu.vaibhu.Feb" time="13.497" errors="0" timestamp="2023-02-16T09:52:57 IST" skipped="0">
  <testcase classname="vaibhu.vaibhu.Feb" name="setup" time="13.497"/>
  <system-out/>
</testsuite> <!-- vaibhu.vaibhu.Feb -->
