<?xml version="1.0" encoding="UTF-8"?>
<!-- Generated by org.testng.reporters.JUnitReportReporter -->
<testsuite hostname="ARPGL002607" failures="0" tests="1" name="vaibhu.vaibhu.fivedec" time="9.095" errors="0" timestamp="2022-12-10T15:42:27 IST" skipped="0">
  <testcase classname="vaibhu.vaibhu.fivedec" name="setup" time="9.095"/>
  <system-out/>
</testsuite> <!-- vaibhu.vaibhu.fivedec -->
