<?xml version="1.0" encoding="UTF-8"?>
<!-- Generated by org.testng.reporters.JUnitReportReporter -->
<testsuite hostname="ARPGL002607" failures="0" tests="1" name="vaibhu.vaibhu.feb16" time="6.822" errors="0" timestamp="2023-02-16T16:59:08 IST" skipped="0">
  <testcase classname="vaibhu.vaibhu.feb16" name="setup1" time="6.822"/>
  <system-out/>
</testsuite> <!-- vaibhu.vaibhu.feb16 -->
