<?xml version="1.0" encoding="UTF-8"?>
<!-- Generated by org.testng.reporters.JUnitReportReporter -->
<testsuite hostname="ARPGL002607" failures="0" tests="1" name="vaibhu.vaibhu.frames" time="6.963" errors="0" timestamp="2023-02-18T13:48:45 IST" skipped="0">
  <testcase classname="vaibhu.vaibhu.frames" name="setup" time="6.963"/>
  <system-out/>
</testsuite> <!-- vaibhu.vaibhu.frames -->
