<?xml version="1.0" encoding="UTF-8"?>
<!-- Generated by org.testng.reporters.JUnitReportReporter -->
<testsuite hostname="ARPGL002607" failures="0" tests="1" name="vaibhu.vaibhu.challlenge3" time="5.574" errors="0" timestamp="2023-02-18T14:12:49 IST" skipped="0">
  <testcase classname="vaibhu.vaibhu.challlenge3" name="setup" time="5.574"/>
  <system-out/>
</testsuite> <!-- vaibhu.vaibhu.challlenge3 -->
