<?xml version="1.0" encoding="UTF-8"?>
<!-- Generated by org.testng.reporters.JUnitReportReporter -->
<testsuite hostname="ARPGL002607" failures="0" tests="1" name="vaibhu.vaibhu.indoHandl" time="6.535" errors="0" timestamp="2023-02-17T19:03:55 IST" skipped="0">
  <testcase classname="vaibhu.vaibhu.indoHandl" name="setup" time="6.535"/>
  <system-out/>
</testsuite> <!-- vaibhu.vaibhu.indoHandl -->
