<?xml version="1.0" encoding="UTF-8"?>
<!-- Generated by org.testng.reporters.JUnitReportReporter -->
<testsuite hostname="ARPGL002607" failures="0" tests="2" name="vaibhu.vaibhu.links" time="7.067" errors="0" timestamp="2022-03-23T17:36:45 IST" skipped="0">
  <testcase classname="vaibhu.vaibhu.links" name="setup" time="3.103"/>
  <system-out/>
  <testcase classname="vaibhu.vaibhu.links" name="table" time="3.964"/>
  <system-out/>
</testsuite> <!-- vaibhu.vaibhu.links -->
