<?xml version="1.0" encoding="UTF-8"?>
<!-- Generated by org.testng.reporters.JUnitReportReporter -->
<testsuite hostname="ARPGL002607" failures="0" tests="1" name="vaibhu.vaibhu.ssl" time="11.136" errors="0" timestamp="2023-02-19T15:15:26 IST" skipped="0">
  <testcase classname="vaibhu.vaibhu.ssl" name="setup" time="11.136"/>
  <system-out/>
</testsuite> <!-- vaibhu.vaibhu.ssl -->
