<?xml version="1.0" encoding="UTF-8"?>
<!-- Generated by org.testng.reporters.JUnitReportReporter -->
<testsuite hostname="ARPGL002607" failures="0" tests="1" name="vaibhu.vaibhu.cart" time="6.622" errors="0" timestamp="2023-02-25T13:13:34 IST" skipped="0">
  <testcase classname="vaibhu.vaibhu.cart" name="setup" time="6.622"/>
  <system-out/>
</testsuite> <!-- vaibhu.vaibhu.cart -->
