<?xml version="1.0" encoding="UTF-8"?>
<!-- Generated by org.testng.reporters.JUnitReportReporter -->
<testsuite hostname="ARPGL002607" failures="0" tests="1" name="vaibhu.vaibhu.challange2" time="8.939" errors="0" timestamp="2023-02-18T13:32:32 IST" skipped="0">
  <testcase classname="vaibhu.vaibhu.challange2" name="setup" time="8.939"/>
  <system-out/>
</testsuite> <!-- vaibhu.vaibhu.challange2 -->
